============================================================
data_atual: 24/02/2024
data_atual_mes_subsequente: 23/03/2024
{'selic': 4390, 'tr': 226, 'ipca': 433, 'ipca15': 7478, 'inpc': 188, 'selic_copom': 432}
A solicitação 7478 excedeu o tempo limite.
{'ipca15': 7478}
A solicitação 7478 excedeu o tempo limite.
{'ipca15': 7478}
Indexadores do mês:
selic:  01/01/2024 valor: 0.97
tr:  01/02/2024 valor: 0.0875
ipca:  01/01/2024 valor: 0.42
inpc:  01/01/2024 valor: 0.57
selic_copom:  01/01/2024 valor: 11.75
ipca15:  01/01/2024 valor: 0.31
============================================ Receita Federal
Texto completo do <th>: Última Selic disponível (01/2024)
Conteúdo do <td> associado: 0,97
============================================================
============================================================
data_atual: 25/02/2024
data_atual_mes_subsequente: 24/03/2024
{'selic': 4390, 'tr': 226, 'ipca': 433, 'ipca15': 7478, 'inpc': 188, 'selic_copom': 432}
A solicitação 4390 excedeu o tempo limite.
A solicitação 226 excedeu o tempo limite.
A solicitação 433 excedeu o tempo limite.
A solicitação 7478 excedeu o tempo limite.
A solicitação 188 excedeu o tempo limite.
{'selic': 4390, 'tr': 226, 'ipca': 433, 'ipca15': 7478, 'inpc': 188}
A solicitação 433 excedeu o tempo limite.
{'ipca': 433}
Indexadores do mês:
selic_copom:  01/01/2024 valor: 11.75
selic:  01/01/2024 valor: 0.97
tr:  01/02/2024 valor: 0.0875
ipca15:  01/01/2024 valor: 0.31
inpc:  01/01/2024 valor: 0.57
ipca:  01/01/2024 valor: 0.42
============================================ Receita Federal
Texto completo do <th>: Última Selic disponível (01/2024)
Conteúdo do <td> associado: 0,97
============================================================
============================================================
data_atual: 26/02/2024
data_atual_mes_subsequente: 25/03/2024
{'selic': 4390, 'tr': 226, 'ipca': 433, 'ipca15': 7478, 'inpc': 188, 'selic_copom': 432}
A solicitação 4390 excedeu o tempo limite.
A solicitação 226 excedeu o tempo limite.
A solicitação 7478 excedeu o tempo limite.
A solicitação 432 excedeu o tempo limite.
{'selic': 4390, 'tr': 226, 'ipca15': 7478, 'selic_copom': 432}
A solicitação 226 excedeu o tempo limite.
{'tr': 226}
Indexadores do mês:
ipca:  01/01/2024 valor: 0.42
inpc:  01/01/2024 valor: 0.57
selic:  01/01/2024 valor: 0.97
ipca15:  01/01/2024 valor: 0.31
selic_copom:  01/01/2024 valor: 11.75
tr:  01/02/2024 valor: 0.0875
============================================ Receita Federal
Texto completo do <th>: Última Selic disponível (01/2024)
Conteúdo do <td> associado: 0,97
============================================================
============================================================
data_atual: 27/02/2024
data_atual_mes_subsequente: 26/03/2024
{'selic': 4390, 'tr': 226, 'ipca': 433, 'ipca15': 7478, 'inpc': 188, 'selic_copom': 432}
A solicitação 4390 excedeu o tempo limite.
A solicitação 226 excedeu o tempo limite.
A solicitação 7478 excedeu o tempo limite.
A solicitação 188 excedeu o tempo limite.
{'selic': 4390, 'tr': 226, 'ipca15': 7478, 'inpc': 188}
A solicitação 226 excedeu o tempo limite.
{'tr': 226}
Indexadores do mês:
ipca:  01/01/2024 valor: 0.42
selic_copom:  01/01/2024 valor: 11.75
selic:  01/01/2024 valor: 0.97
ipca15:  01/01/2024 valor: 0.31
inpc:  01/01/2024 valor: 0.57
tr:  01/02/2024 valor: 0.0875
============================================ Receita Federal
Texto completo do <th>: Última Selic disponível (01/2024)
Conteúdo do <td> associado: 0,97
============================================================
============================================================
data_atual: 28/02/2024
data_atual_mes_subsequente: 27/03/2024
{'selic': 4390, 'tr': 226, 'ipca': 433, 'ipca15': 7478, 'inpc': 188, 'selic_copom': 432}
A solicitação 7478 excedeu o tempo limite.
A solicitação 188 excedeu o tempo limite.
{'ipca15': 7478, 'inpc': 188}
A solicitação 7478 excedeu o tempo limite.
A solicitação 188 excedeu o tempo limite.
{'ipca15': 7478, 'inpc': 188}
Indexadores do mês:
selic:  01/01/2024 valor: 0.97
tr:  01/02/2024 valor: 0.0875
ipca:  01/01/2024 valor: 0.42
selic_copom:  01/01/2024 valor: 11.75
ipca15:  01/01/2024 valor: 0.31
inpc:  01/01/2024 valor: 0.57
============================================ Receita Federal
Texto completo do <th>: Última Selic disponível (01/2024)
Conteúdo do <td> associado: 0,97
============================================================
data_atual: 29/02/2024
data_atual_mes_subsequente: 28/03/2024
============================================================
{'IPCA': '433', 'IPCA-15': '7478', 'SELIC-COPOM': '432', 'SELIC': '4390', 'TR': '226', 'INPC': '188', 'IGP-M': '189'}
A solicitação 7478 excedeu o tempo limite.
A solicitação 4390 excedeu o tempo limite.
A solicitação 189 excedeu o tempo limite.
{'IPCA-15': '7478', 'SELIC': '4390', 'IGP-M': '189'}
A solicitação 7478 excedeu o tempo limite.
A solicitação 4390 excedeu o tempo limite.
A solicitação 189 excedeu o tempo limite.
{'IPCA-15': '7478', 'SELIC': '4390', 'IGP-M': '189'}
A solicitação 7478 excedeu o tempo limite.
{'IPCA-15': '7478'}
Indexadores do mês:
IPCA:  01/01/2024 valor: 0.42
SELIC-COPOM:  01/01/2024 valor: 11.75
TR:  01/02/2024 valor: 0.0875
INPC:  01/01/2024 valor: 0.57
SELIC:  01/01/2024 valor: 0.97
IGP-M:  01/01/2024 valor: 0.07
IPCA-15:  01/01/2024 valor: 0.31
===============================================================
Atualização da coluna processar na tabela logatualizacao
100  processar=1
102  processar=1
104  processar=1
110  processar=1
106  processar=1
108  processar=1
dictregistros: {'IPCA': '01/01/2024', 'IPCA-15': '01/11/2023', 'SELIC-COPOM': '01/01/2024', 'SELIC': '01/01/2024', 'TR': '01/01/2024', 'INPC': '01/12/2023'}
indexes: {'IPCA': '433', 'IPCA-15': '7478', 'SELIC-COPOM': '432', 'SELIC': '4390', 'TR': '226', 'INPC': '188'}
A solicitação 433 excedeu o tempo limite.
A solicitação 432 excedeu o tempo limite.
A solicitação 4390 excedeu o tempo limite.
indexes: {'IPCA': '433', 'SELIC-COPOM': '432', 'SELIC': '4390'}
indexadores_do_mes: [['IPCA-15', '01/12/2023', '0.40'], ['TR', '01/02/2024', '0.0875'], ['INPC', '01/01/2024', '0.57'], ['IPCA', '01/01/2024', '0.42'], ['SELIC-COPOM', '01/02/2024', '11.25'], ['SELIC', '01/02/2024', '0.80']]
=============================================
data atual: 02/03/2024
data mes subsequente: 01/04/2024
dictregistros: {}
indexadores_do_mes: []
=============================================
data atual: 03/03/2024
data mes subsequente: 02/04/2024
dictregistros: {}
indexadores_do_mes: []
=============================================
data atual: 04/03/2024
data mes subsequente: 03/04/2024
dictregistros: {}
indexadores_do_mes: []
=============================================
data atual: 05/03/2024
data mes subsequente: 04/04/2024
dictregistros: {}
indexadores_do_mes: []
=============================================
data atual: 06/03/2024
data mes subsequente: 05/04/2024
dictregistros: {}
indexadores_do_mes: []
=============================================
data atual: 07/03/2024
data mes subsequente: 06/04/2024
dictregistros: {}
indexadores_do_mes: []
=============================================
data atual: 08/03/2024
data mes subsequente: 07/04/2024
dictregistros: {}
indexadores_do_mes: []
=============================================
data atual: 09/03/2024
data mes subsequente: 08/04/2024
dictregistros: {}
indexadores_do_mes: []
=============================================
data atual: 10/03/2024
data mes subsequente: 09/04/2024
dictregistros: {}
indexadores_do_mes: []
=============================================
data atual: 11/03/2024
data mes subsequente: 10/04/2024
dictregistros: {}
indexadores_do_mes: []
=============================================
data atual: 12/03/2024
data mes subsequente: 11/04/2024
dictregistros: {}
indexadores_do_mes: []
=============================================
data atual: 13/03/2024
data mes subsequente: 12/04/2024
dictregistros: {}
indexadores_do_mes: []
=============================================
data atual: 14/03/2024
data mes subsequente: 13/04/2024
dictregistros: {}
indexadores_do_mes: []

data_atual: 15/03/2024

indexador:
  -data_inicial: 01/03/2024
  -data_final: 01/04/2024
============================================================
rows: [('inpc',), ('ipca',), ('tr',), ('igpm',), ('ipca15',), ('selic',), ('seliccopom',)]
retorna: ['inpc', 'ipca', 'tr', 'igpm', 'ipca15', 'selic', 'seliccopom']
=============================================
data_atualizacao (logatualizacao) atualizada 
inpc : 2024-02-01
ipca : 2024-02-01
tr : 2023-11-01
igpm : 2024-02-01
ipca15 : 2024-02-01
selic : 2024-02-01
seliccopom : 2024-02-01
=============================================
===============================================================
processar (logatualizacao) atualizada
codigo: 104 data_log: 2023-11-01 00:00:00+00:00 processar=1
dictregistros: {'TR': '01/11/2023'}
indexes: {'TR': '226'}
data_inicial: 01/11/2023
data_inicial_incrementada: 01/12/2023
nova_data_inicial: 01/12/2023
nova_data_final: 01/01/2024
indexadores_do_mes: [['TR', '01/12/2023', '0.0690']]
**

data_atual: 16/03/2024

indexador:
  -data_inicial: 01/03/2024
  -data_final: 01/04/2024
============================================================
----------------------------------
obter_as_datas_ultimos_registros()
----------------------------------
100:  inpc  01/02/2024
102:  ipca  01/02/2024
104:  tr  01/02/2024
202:  t202_tabela_pnep  01/12/2021
210:  t210_tabela_pnep  01/08/2023
112:  igpm  01/02/2024
110:  ipca15  01/02/2024
204:  t204_tabela_pnep  01/08/2023
206:  t206_tabela_pnep  01/08/2023
208:  t208_tabela_pnep  01/12/2021
236:  t236_tabela_pnep  01/08/2023
212:  t212_tabela_pnep  01/08/2023
106:  selic  01/02/2024
108:  seliccopom  01/02/2024
200:  t200_tabela_pnep  01/08/2023
=============================================
data_atualizacao (logatualizacao) atualizada 
inpc : 2024-02-01
ipca : 2024-02-01
tr : 2024-02-01
t202_tabela_pnep : 2021-12-01
t210_tabela_pnep : 2023-08-01
igpm : 2024-02-01
ipca15 : 2024-02-01
t204_tabela_pnep : 2023-08-01
t206_tabela_pnep : 2023-08-01
t208_tabela_pnep : 2021-12-01
t236_tabela_pnep : 2023-08-01
t212_tabela_pnep : 2023-08-01
selic : 2024-02-01
seliccopom : 2024-02-01
t200_tabela_pnep : 2023-08-01
=============================================
===============================================================
processar (logatualizacao) atualizada
codigo: 202 data_log: 2021-12-01 00:00:00+00:00 processar=1
codigo: 204 data_log: 2023-08-01 00:00:00+00:00 processar=1
codigo: 206 data_log: 2023-08-01 00:00:00+00:00 processar=1
codigo: 208 data_log: 2021-12-01 00:00:00+00:00 processar=1
codigo: 200 data_log: 2023-08-01 00:00:00+00:00 processar=1
dictregistros: {}
indexadores_do_mes: []

data_atual: 17/03/2024

indexador:
  -data_inicial: 01/03/2024
  -data_final: 01/04/2024
============================================================
----------------------------------
obter_as_datas_ultimos_registros()
----------------------------------
100:  inpc  01/02/2024
102:  ipca  01/02/2024
104:  tr  01/02/2024
202:  t202_tabela_pnep  01/12/2021
210:  t210_tabela_pnep  01/08/2023
112:  igpm  01/02/2024
110:  ipca15  01/02/2024
204:  t204_tabela_pnep  01/08/2023
206:  t206_tabela_pnep  01/08/2023
208:  t208_tabela_pnep  01/12/2021
236:  t236_tabela_pnep  01/08/2023
212:  t212_tabela_pnep  01/08/2023
106:  selic  01/02/2024
108:  seliccopom  01/02/2024
200:  t200_tabela_pnep  01/08/2023
=============================================
data_atualizacao (logatualizacao) atualizada 
inpc : 2024-02-01
ipca : 2024-02-01
tr : 2024-02-01
t202_tabela_pnep : 2021-12-01
t210_tabela_pnep : 2023-08-01
igpm : 2024-02-01
ipca15 : 2024-02-01
t204_tabela_pnep : 2023-08-01
t206_tabela_pnep : 2023-08-01
t208_tabela_pnep : 2021-12-01
t236_tabela_pnep : 2023-08-01
t212_tabela_pnep : 2023-08-01
selic : 2024-02-01
seliccopom : 2024-02-01
t200_tabela_pnep : 2023-08-01
=============================================
===============================================================
processar (logatualizacao) atualizada
codigo: 202 data_log: 2021-12-01 00:00:00+00:00 processar=1
codigo: 204 data_log: 2023-08-01 00:00:00+00:00 processar=1
codigo: 206 data_log: 2023-08-01 00:00:00+00:00 processar=1
codigo: 208 data_log: 2021-12-01 00:00:00+00:00 processar=1
codigo: 200 data_log: 2023-08-01 00:00:00+00:00 processar=1
dictregistros: {}
indexadores_do_mes: []

data_atual: 18/03/2024

indexador:
  -data_inicial: 01/03/2024
  -data_final: 01/04/2024
============================================================
----------------------------------
obter_as_datas_ultimos_registros()
----------------------------------
100:  inpc  01/02/2024
102:  ipca  01/02/2024
104:  tr  01/02/2024
202:  t202_tabela_pnep  01/12/2021
210:  t210_tabela_pnep  01/08/2023
112:  igpm  01/02/2024
110:  ipca15  01/02/2024
204:  t204_tabela_pnep  01/08/2023
206:  t206_tabela_pnep  01/08/2023
208:  t208_tabela_pnep  01/12/2021
236:  t236_tabela_pnep  01/08/2023
212:  t212_tabela_pnep  01/08/2023
106:  selic  01/02/2024
108:  seliccopom  01/02/2024
200:  t200_tabela_pnep  01/08/2023
=============================================
data_atualizacao (logatualizacao) atualizada 
inpc : 2024-02-01
ipca : 2024-02-01
tr : 2024-02-01
t202_tabela_pnep : 2021-12-01
t210_tabela_pnep : 2023-08-01
igpm : 2024-02-01
ipca15 : 2024-02-01
t204_tabela_pnep : 2023-08-01
t206_tabela_pnep : 2023-08-01
t208_tabela_pnep : 2021-12-01
t236_tabela_pnep : 2023-08-01
t212_tabela_pnep : 2023-08-01
selic : 2024-02-01
seliccopom : 2024-02-01
t200_tabela_pnep : 2023-08-01
=============================================
===============================================================
processar (logatualizacao) atualizada
codigo: 202 data_log: 2021-12-01 00:00:00+00:00 processar=1
codigo: 204 data_log: 2023-08-01 00:00:00+00:00 processar=1
codigo: 206 data_log: 2023-08-01 00:00:00+00:00 processar=1
codigo: 208 data_log: 2021-12-01 00:00:00+00:00 processar=1
codigo: 200 data_log: 2023-08-01 00:00:00+00:00 processar=1
dictregistros: {}
indexadores_do_mes: []

data_atual: 19/03/2024

indexador:
  -data_inicial: 01/03/2024
  -data_final: 01/04/2024
============================================================
----------------------------------
obter_as_datas_ultimos_registros()
----------------------------------
100:  inpc  01/02/2024
102:  ipca  01/02/2024
104:  tr  01/02/2024
202:  t202_tabela_pnep  01/12/2021
210:  t210_tabela_pnep  01/08/2023
112:  igpm  01/02/2024
110:  ipca15  01/02/2024
204:  t204_tabela_pnep  01/08/2023
206:  t206_tabela_pnep  01/08/2023
208:  t208_tabela_pnep  01/12/2021
236:  t236_tabela_pnep  01/08/2023
212:  t212_tabela_pnep  01/08/2023
106:  selic  01/02/2024
108:  seliccopom  01/02/2024
200:  t200_tabela_pnep  01/08/2023
=============================================
data_atualizacao (logatualizacao) atualizada 
inpc : 2024-02-01
ipca : 2024-02-01
tr : 2024-02-01
t202_tabela_pnep : 2021-12-01
t210_tabela_pnep : 2023-08-01
igpm : 2024-02-01
ipca15 : 2024-02-01
t204_tabela_pnep : 2023-08-01
t206_tabela_pnep : 2023-08-01
t208_tabela_pnep : 2021-12-01
t236_tabela_pnep : 2023-08-01
t212_tabela_pnep : 2023-08-01
selic : 2024-02-01
seliccopom : 2024-02-01
t200_tabela_pnep : 2023-08-01
=============================================
===============================================================
processar (logatualizacao) atualizada
codigo: 202 data_log: 2021-12-01 00:00:00+00:00 processar=1
codigo: 204 data_log: 2023-08-01 00:00:00+00:00 processar=1
codigo: 206 data_log: 2023-08-01 00:00:00+00:00 processar=1
codigo: 208 data_log: 2021-12-01 00:00:00+00:00 processar=1
codigo: 200 data_log: 2023-08-01 00:00:00+00:00 processar=1
dictregistros: {}
indexadores_do_mes: []

data_atual: 20/03/2024

indexador:
  -data_inicial: 01/03/2024
  -data_final: 01/04/2024
============================================================
----------------------------------
obter_as_datas_ultimos_registros()
----------------------------------
100:  inpc  01/02/2024
102:  ipca  01/02/2024
104:  tr  01/02/2024
202:  t202_tabela_pnep  01/12/2021
210:  t210_tabela_pnep  01/08/2023
112:  igpm  01/02/2024
110:  ipca15  01/02/2024
204:  t204_tabela_pnep  01/08/2023
206:  t206_tabela_pnep  01/08/2023
208:  t208_tabela_pnep  01/12/2021
236:  t236_tabela_pnep  01/08/2023
212:  t212_tabela_pnep  01/08/2023
106:  selic  01/02/2024
108:  seliccopom  01/02/2024
200:  t200_tabela_pnep  01/08/2023
=============================================
data_atualizacao (logatualizacao) atualizada 
inpc : 2024-02-01
ipca : 2024-02-01
tr : 2024-02-01
t202_tabela_pnep : 2021-12-01
t210_tabela_pnep : 2023-08-01
igpm : 2024-02-01
ipca15 : 2024-02-01
t204_tabela_pnep : 2023-08-01
t206_tabela_pnep : 2023-08-01
t208_tabela_pnep : 2021-12-01
t236_tabela_pnep : 2023-08-01
t212_tabela_pnep : 2023-08-01
selic : 2024-02-01
seliccopom : 2024-02-01
t200_tabela_pnep : 2023-08-01
=============================================
===============================================================
processar (logatualizacao) atualizada
codigo: 202 data_log: 2021-12-01 00:00:00+00:00 processar=1
codigo: 204 data_log: 2023-08-01 00:00:00+00:00 processar=1
codigo: 206 data_log: 2023-08-01 00:00:00+00:00 processar=1
codigo: 208 data_log: 2021-12-01 00:00:00+00:00 processar=1
codigo: 200 data_log: 2023-08-01 00:00:00+00:00 processar=1
dictregistros: {}
indexadores_do_mes: []

data_atual: 21/03/2024

indexador:
  -data_inicial: 01/03/2024
  -data_final: 01/04/2024
============================================================
----------------------------------
obter_as_datas_ultimos_registros()
----------------------------------
100:  inpc  01/02/2024
102:  ipca  01/02/2024
104:  tr  01/02/2024
202:  t202_tabela_pnep  01/12/2021
210:  t210_tabela_pnep  01/08/2023
112:  igpm  01/02/2024
110:  ipca15  01/02/2024
204:  t204_tabela_pnep  01/08/2023
206:  t206_tabela_pnep  01/08/2023
208:  t208_tabela_pnep  01/12/2021
236:  t236_tabela_pnep  01/08/2023
212:  t212_tabela_pnep  01/08/2023
106:  selic  01/02/2024
108:  seliccopom  01/02/2024
200:  t200_tabela_pnep  01/08/2023
=============================================
data_atualizacao (logatualizacao) atualizada 
inpc : 2024-02-01
ipca : 2024-02-01
tr : 2024-02-01
t202_tabela_pnep : 2021-12-01
t210_tabela_pnep : 2023-08-01
igpm : 2024-02-01
ipca15 : 2024-02-01
t204_tabela_pnep : 2023-08-01
t206_tabela_pnep : 2023-08-01
t208_tabela_pnep : 2021-12-01
t236_tabela_pnep : 2023-08-01
t212_tabela_pnep : 2023-08-01
selic : 2024-02-01
seliccopom : 2024-02-01
t200_tabela_pnep : 2023-08-01
=============================================
===============================================================
processar (logatualizacao) atualizada
codigo: 202 data_log: 2021-12-01 00:00:00+00:00 processar=1
codigo: 204 data_log: 2023-08-01 00:00:00+00:00 processar=1
codigo: 206 data_log: 2023-08-01 00:00:00+00:00 processar=1
codigo: 208 data_log: 2021-12-01 00:00:00+00:00 processar=1
codigo: 200 data_log: 2023-08-01 00:00:00+00:00 processar=1
dictregistros: {}
indexadores_do_mes: []

data_atual: 22/03/2024

============================================================
----------------------------------
obter_as_datas_ultimos_registros()
----------------------------------
100:  inpc  01/02/2024
102:  ipca  01/02/2024
104:  tr  01/02/2024
202:  t202_tabela_pnep  01/12/2021
210:  t210_tabela_pnep  01/08/2023
112:  igpm  01/02/2024
110:  ipca15  01/02/2024
204:  t204_tabela_pnep  01/08/2023
206:  t206_tabela_pnep  01/08/2023
208:  t208_tabela_pnep  01/12/2021
236:  t236_tabela_pnep  01/08/2023
212:  t212_tabela_pnep  01/08/2023
106:  selic  01/02/2024
108:  seliccopom  01/02/2024
200:  t200_tabela_pnep  01/08/2023
=============================================
data_atualizacao (logatualizacao) atualizada 
inpc : 2024-02-01
ipca : 2024-02-01
tr : 2024-02-01
t202_tabela_pnep : 2021-12-01
t210_tabela_pnep : 2023-08-01
igpm : 2024-02-01
ipca15 : 2024-02-01
t204_tabela_pnep : 2023-08-01
t206_tabela_pnep : 2023-08-01
t208_tabela_pnep : 2021-12-01
t236_tabela_pnep : 2023-08-01
t212_tabela_pnep : 2023-08-01
selic : 2024-02-01
seliccopom : 2024-02-01
t200_tabela_pnep : 2023-08-01
=============================================
===============================================================
processar (logatualizacao) atualizada
codigo: 202 data_log: 2021-12-01 00:00:00+00:00 processar=1
codigo: 204 data_log: 2023-08-01 00:00:00+00:00 processar=1
codigo: 206 data_log: 2023-08-01 00:00:00+00:00 processar=1
codigo: 208 data_log: 2021-12-01 00:00:00+00:00 processar=1
codigo: 200 data_log: 2023-08-01 00:00:00+00:00 processar=1
data_busca:
data_retorno:
indexadores_do_mes: []
==================== LOG DE EVENTOS ========================
data_atual: 23/03/2024
============================================================
==================== LOG DE EVENTOS ========================
data_atual: 24/03/2024
============================================================
==================== LOG DE EVENTOS ========================
data_atual: 25/03/2024
============================================================
==================== LOG DE EVENTOS ========================
data_atual: 26/03/2024
============================================================
==================== LOG DE EVENTOS ========================
data_atual: 27/03/2024
============================================================
==================== LOG DE EVENTOS ========================
data_atual: 28/03/2024
============================================================
=============================================
data_atualizacao (logatualizacao) atualizada 
inpc : 2024-02-01
ipca : 2024-02-01
tr : 2024-02-01
t202_tabela_pnep : 2021-12-01
t210_tabela_pnep : 2023-08-01
igpm : 2024-02-01
ipca15 : 2024-02-01
t204_tabela_pnep : 2023-08-01
t206_tabela_pnep : 2023-08-01
t208_tabela_pnep : 2021-12-01
t236_tabela_pnep : 2023-08-01
t212_tabela_pnep : 2023-08-01
selic : 2024-02-01
seliccopom : 2024-02-01
t200_tabela_pnep : 2023-08-01
=============================================
===============================================================
processar (logatualizacao) atualizada
codigo: 202 data_log: 2021-12-01 00:00:00+00:00 processar=1
codigo: 204 data_log: 2023-08-01 00:00:00+00:00 processar=1
codigo: 206 data_log: 2023-08-01 00:00:00+00:00 processar=1
codigo: 208 data_log: 2021-12-01 00:00:00+00:00 processar=1
codigo: 200 data_log: 2023-08-01 00:00:00+00:00 processar=1
==================== LOG DE EVENTOS ========================
data_atual: 29/03/2024
============================================================
=============================================
data_atualizacao (logatualizacao) atualizada 
inpc : 2024-02-01
ipca : 2024-02-01
tr : 2024-02-01
t202_tabela_pnep : 2021-12-01
t210_tabela_pnep : 2023-08-01
igpm : 2024-02-01
ipca15 : 2024-02-01
t204_tabela_pnep : 2023-08-01
t206_tabela_pnep : 2023-08-01
t208_tabela_pnep : 2021-12-01
t236_tabela_pnep : 2023-08-01
t212_tabela_pnep : 2023-08-01
selic : 2024-02-01
seliccopom : 2024-02-01
t200_tabela_pnep : 2023-08-01
=============================================
===============================================================
processar (logatualizacao) atualizada
codigo: 202 data_log: 2021-12-01 00:00:00+00:00 processar=1
codigo: 204 data_log: 2023-08-01 00:00:00+00:00 processar=1
codigo: 206 data_log: 2023-08-01 00:00:00+00:00 processar=1
codigo: 208 data_log: 2021-12-01 00:00:00+00:00 processar=1
codigo: 200 data_log: 2023-08-01 00:00:00+00:00 processar=1
==================== LOG DE EVENTOS ========================
data_atual: 30/03/2024
============================================================
=============================================
data_atualizacao (logatualizacao) atualizada 
inpc : 2024-02-01
ipca : 2024-02-01
tr : 2024-02-01
t202_tabela_pnep : 2021-12-01
t210_tabela_pnep : 2023-08-01
igpm : 2024-02-01
ipca15 : 2024-02-01
t204_tabela_pnep : 2023-08-01
t206_tabela_pnep : 2023-08-01
t208_tabela_pnep : 2021-12-01
t236_tabela_pnep : 2023-08-01
t212_tabela_pnep : 2023-08-01
selic : 2024-02-01
seliccopom : 2024-02-01
t200_tabela_pnep : 2023-08-01
=============================================
===============================================================
processar (logatualizacao) atualizada
codigo: 202 data_log: 2021-12-01 00:00:00+00:00 processar=1
codigo: 204 data_log: 2023-08-01 00:00:00+00:00 processar=1
codigo: 206 data_log: 2023-08-01 00:00:00+00:00 processar=1
codigo: 208 data_log: 2021-12-01 00:00:00+00:00 processar=1
codigo: 200 data_log: 2023-08-01 00:00:00+00:00 processar=1
==================== LOG DE EVENTOS ========================
data_atual: 31/03/2024
============================================================
=============================================
data_atualizacao (logatualizacao) atualizada 
inpc : 2024-02-01
ipca : 2024-02-01
tr : 2024-02-01
t202_tabela_pnep : 2021-12-01
t210_tabela_pnep : 2023-08-01
igpm : 2024-02-01
ipca15 : 2024-02-01
t204_tabela_pnep : 2023-08-01
t206_tabela_pnep : 2023-08-01
t208_tabela_pnep : 2021-12-01
t236_tabela_pnep : 2023-08-01
t212_tabela_pnep : 2023-08-01
selic : 2024-02-01
seliccopom : 2024-02-01
t200_tabela_pnep : 2023-08-01
=============================================
===============================================================
processar (logatualizacao) atualizada
codigo: 202 data_log: 2021-12-01 00:00:00+00:00 processar=1
codigo: 204 data_log: 2023-08-01 00:00:00+00:00 processar=1
codigo: 206 data_log: 2023-08-01 00:00:00+00:00 processar=1
codigo: 208 data_log: 2021-12-01 00:00:00+00:00 processar=1
codigo: 200 data_log: 2023-08-01 00:00:00+00:00 processar=1
==================== LOG DE EVENTOS ========================
data_atual: 01/04/2024
============================================================
=============================================
data_atualizacao (logatualizacao) atualizada 
inpc : 2024-02-01
ipca : 2024-02-01
tr : 2024-02-01
t202_tabela_pnep : 2021-12-01
t210_tabela_pnep : 2023-08-01
igpm : 2024-02-01
ipca15 : 2024-02-01
t204_tabela_pnep : 2023-08-01
t206_tabela_pnep : 2023-08-01
t208_tabela_pnep : 2021-12-01
t236_tabela_pnep : 2023-08-01
t212_tabela_pnep : 2023-08-01
selic : 2024-02-01
seliccopom : 2024-02-01
t200_tabela_pnep : 2023-08-01
=============================================
===============================================================
processar (logatualizacao) atualizada
codigo: 100 data_log: 2024-02-01 00:00:00+00:00 processar=1
codigo: 102 data_log: 2024-02-01 00:00:00+00:00 processar=1
codigo: 104 data_log: 2024-02-01 00:00:00+00:00 processar=1
codigo: 202 data_log: 2021-12-01 00:00:00+00:00 processar=1
codigo: 112 data_log: 2024-02-01 00:00:00+00:00 processar=1
codigo: 110 data_log: 2024-02-01 00:00:00+00:00 processar=1
codigo: 204 data_log: 2023-08-01 00:00:00+00:00 processar=1
codigo: 206 data_log: 2023-08-01 00:00:00+00:00 processar=1
codigo: 208 data_log: 2021-12-01 00:00:00+00:00 processar=1
codigo: 106 data_log: 2024-02-01 00:00:00+00:00 processar=1
codigo: 108 data_log: 2024-02-01 00:00:00+00:00 processar=1
codigo: 200 data_log: 2023-08-01 00:00:00+00:00 processar=1
dict_registros: {'IPCA': '01/02/2024', 'IPCA-15': '01/02/2024', 'SELIC-COPOM': '01/02/2024', 'SELIC': '01/02/2024', 'TR': '01/02/2024', 'INPC': '01/02/2024', 'IGP-M': '01/02/2024'}
indexes: {'IPCA': '433', 'IPCA-15': '7478', 'SELIC-COPOM': '432', 'SELIC': '4390', 'TR': '226', 'INPC': '188', 'IGP-M': '189'}
[dt_ini_busca_bc]: 01/03/2024
[dt_fin_busca_bc]: 01/03/2024
data_inicial_retorno_bc: 01/03/2024
data_final_retorno_bc: 01/02/2024
[dt_ini_busca_bc]: 01/03/2024
[dt_fin_busca_bc]: 01/03/2024
data_inicial_retorno_bc: 01/03/2024
data_final_retorno_bc: 01/03/2024
[dt_ini_busca_bc]: 01/03/2024
[dt_fin_busca_bc]: 01/03/2024
data_inicial_retorno_bc: 01/03/2024
data_final_retorno_bc: 01/03/2024
[dt_ini_busca_bc]: 01/03/2024
[dt_fin_busca_bc]: 01/03/2024
data_inicial_retorno_bc: 01/03/2024
data_final_retorno_bc: 01/03/2024
[dt_ini_busca_bc]: 01/03/2024
[dt_fin_busca_bc]: 01/04/2024
data_inicial_retorno_bc: 01/03/2024
data_final_retorno_bc: 01/03/2024
[dt_ini_busca_bc]: 01/03/2024
[dt_fin_busca_bc]: 01/03/2024
data_inicial_retorno_bc: 01/03/2024
data_final_retorno_bc: 01/02/2024
[dt_ini_busca_bc]: 01/03/2024
[dt_fin_busca_bc]: 01/03/2024
data_inicial_retorno_bc: 01/03/2024
data_final_retorno_bc: 01/03/2024
data_busca:01/03/2024
data_retorno:01/03/2024
indexadores_do_mes: [['IPCA', '01/02/2024', '0.83'], ['IPCA-15', '01/03/2024', '0.36'], ['SELIC-COPOM', '01/03/2024', '11.25'], ['SELIC', '01/03/2024', '0.83'], ['TR', '01/03/2024', '0.0331'], ['INPC', '01/02/2024', '0.81'], ['IGP-M', '01/03/2024', '-0.47']]
codigo_dict: {'IPCA': 'ipca', 'IPCA-15': 'ipca15', 'SELIC-COPOM': 'seliccopom', 'SELIC': 'selic', 'TR': 'tr', 'INPC': 'inpc', 'IGP-M': 'igpm'}
indexadores: [['IPCA', '01/02/2024', '0.83'], ['IPCA-15', '01/03/2024', '0.36'], ['SELIC-COPOM', '01/03/2024', '11.25'], ['SELIC', '01/03/2024', '0.83'], ['TR', '01/03/2024', '0.0331'], ['INPC', '01/02/2024', '0.81'], ['IGP-M', '01/03/2024', '-0.47']]
ipca (102)  2024-02-01 0.83
data_para_inserir_tabela_indexador:2024-02-01
===============================================================
Novo indexador  ipca  data:  2024-02-01 valor:  0.83
===============================================================
Update colunas data e processar na tabela logatualizacao:  102
ipca15 (110)  2024-03-01 0.36
data_para_inserir_tabela_indexador:2024-03-01
===============================================================
Novo indexador  ipca15  data:  2024-03-01 valor:  0.36
===============================================================
Update colunas data e processar na tabela logatualizacao:  110
seliccopom (108)  2024-03-01 11.25
data_para_inserir_tabela_indexador:2024-03-01
===============================================================
Novo indexador  seliccopom  data:  2024-03-01 valor:  11.25
===============================================================
Update colunas data e processar na tabela logatualizacao:  108
selic (106)  2024-03-01 0.83
data_para_inserir_tabela_indexador:2024-03-01
===============================================================
Novo indexador  selic  data:  2024-03-01 valor:  0.83
===============================================================
Update colunas data e processar na tabela logatualizacao:  106
tr (104)  2024-03-01 0.0331
data_para_inserir_tabela_indexador:2024-03-01
===============================================================
Novo indexador  tr  data:  2024-03-01 valor:  0.0331
===============================================================
Update colunas data e processar na tabela logatualizacao:  104
inpc (100)  2024-02-01 0.81
data_para_inserir_tabela_indexador:2024-02-01
===============================================================
Novo indexador  inpc  data:  2024-02-01 valor:  0.81
===============================================================
Update colunas data e processar na tabela logatualizacao:  100
igpm (112)  2024-03-01 -0.47
data_para_inserir_tabela_indexador:2024-03-01
===============================================================
Novo indexador  igpm  data:  2024-03-01 valor:  -0.47
===============================================================
Update colunas data e processar na tabela logatualizacao:  112
==================== LOG DE EVENTOS ========================
data_atual: 02/04/2024
============================================================
=============================================
data_atualizacao (logatualizacao) atualizada 
inpc : 2024-02-01
ipca : 2024-02-01
tr : 2024-03-01
t202_tabela_pnep : 2021-12-01
t210_tabela_pnep : 2023-08-01
igpm : 2024-03-01
ipca15 : 2024-03-01
t204_tabela_pnep : 2023-08-01
t206_tabela_pnep : 2023-08-01
t208_tabela_pnep : 2021-12-01
t236_tabela_pnep : 2023-08-01
t212_tabela_pnep : 2023-08-01
selic : 2024-03-01
seliccopom : 2024-03-01
t200_tabela_pnep : 2023-08-01
=============================================
===============================================================
processar (logatualizacao) atualizada
codigo: 100 data_log: 2024-02-01 00:00:00+00:00 processar=1
codigo: 102 data_log: 2024-02-01 00:00:00+00:00 processar=1
codigo: 202 data_log: 2021-12-01 00:00:00+00:00 processar=1
codigo: 204 data_log: 2023-08-01 00:00:00+00:00 processar=1
codigo: 206 data_log: 2023-08-01 00:00:00+00:00 processar=1
codigo: 208 data_log: 2021-12-01 00:00:00+00:00 processar=1
codigo: 200 data_log: 2023-08-01 00:00:00+00:00 processar=1
dict_registros: {'IPCA': '01/02/2024', 'INPC': '01/02/2024'}
indexes: {'IPCA': '433', 'INPC': '188'}
[dt_ini_busca_bc]: 01/03/2024
[dt_fin_busca_bc]: 01/03/2024
data_inicial_retorno_bc: 01/03/2024
data_final_retorno_bc: 01/02/2024
[dt_ini_busca_bc]: 01/03/2024
[dt_fin_busca_bc]: 01/03/2024
data_inicial_retorno_bc: 01/03/2024
data_final_retorno_bc: 01/02/2024
data_busca:01/03/2024
data_retorno:01/02/2024
indexadores_do_mes: [['IPCA', '01/02/2024', '0.83'], ['INPC', '01/02/2024', '0.81']]
codigo_dict: {'IPCA': 'ipca', 'INPC': 'inpc'}
indexadores: [['IPCA', '01/02/2024', '0.83'], ['INPC', '01/02/2024', '0.81']]
ipca (102)  2024-02-01 0.83
data_para_inserir_tabela_indexador:2024-02-01
Traceback (most recent call last):
  File "/revise/bt_rotina_diaria.py", line 38, in <module>
    atualizadas = atualizar_indexadores(indexadores_do_mes,data_busca,data_retorno)
  File "/revise/bt_atualizar_indexadores.py", line 34, in atualizar_indexadores
    if pos:
UnboundLocalError: local variable 'pos' referenced before assignment
==================== LOG DE EVENTOS ========================
data_atual: 03/04/2024
============================================================
=============================================
data_atualizacao (logatualizacao) atualizada 
inpc : 2024-02-01
ipca : 2024-02-01
tr : 2024-03-01
t202_tabela_pnep : 2021-12-01
t210_tabela_pnep : 2023-08-01
igpm : 2024-03-01
ipca15 : 2024-03-01
t204_tabela_pnep : 2023-08-01
t206_tabela_pnep : 2023-08-01
t208_tabela_pnep : 2021-12-01
t236_tabela_pnep : 2023-08-01
t212_tabela_pnep : 2023-08-01
selic : 2024-03-01
seliccopom : 2024-03-01
t200_tabela_pnep : 2023-08-01
=============================================
===============================================================
processar (logatualizacao) atualizada
codigo: 100 data_log: 2024-02-01 00:00:00+00:00 processar=1
codigo: 102 data_log: 2024-02-01 00:00:00+00:00 processar=1
codigo: 202 data_log: 2021-12-01 00:00:00+00:00 processar=1
codigo: 204 data_log: 2023-08-01 00:00:00+00:00 processar=1
codigo: 206 data_log: 2023-08-01 00:00:00+00:00 processar=1
codigo: 208 data_log: 2021-12-01 00:00:00+00:00 processar=1
codigo: 200 data_log: 2023-08-01 00:00:00+00:00 processar=1
dict_registros: {'IPCA': '01/02/2024', 'INPC': '01/02/2024'}
indexes: {'IPCA': '433', 'INPC': '188'}
[dt_ini_busca_bc]: 01/03/2024
[dt_fin_busca_bc]: 01/03/2024
data_inicial_retorno_bc: 01/03/2024
data_final_retorno_bc: 01/02/2024
[dt_ini_busca_bc]: 01/03/2024
[dt_fin_busca_bc]: 01/03/2024
data_inicial_retorno_bc: 01/03/2024
data_final_retorno_bc: 01/02/2024
data_busca:01/03/2024
data_retorno:01/02/2024
indexadores_do_mes: [['IPCA', '01/02/2024', '0.83'], ['INPC', '01/02/2024', '0.81']]
codigo_dict: {'IPCA': 'ipca', 'INPC': 'inpc'}
indexadores: [['IPCA', '01/02/2024', '0.83'], ['INPC', '01/02/2024', '0.81']]
ipca (102)  2024-02-01 0.83
data_para_inserir_tabela_indexador:2024-02-01
inpc (100)  2024-02-01 0.81
data_para_inserir_tabela_indexador:2024-02-01
==================== LOG DE EVENTOS ========================
data_atual: 04/04/2024
============================================================
=============================================
data_atualizacao (logatualizacao) atualizada 
inpc : 2024-02-01
ipca : 2024-02-01
tr : 2024-03-01
t202_tabela_pnep : 2021-12-01
t210_tabela_pnep : 2023-08-01
igpm : 2024-03-01
ipca15 : 2024-03-01
t204_tabela_pnep : 2023-08-01
t206_tabela_pnep : 2023-08-01
t208_tabela_pnep : 2021-12-01
t236_tabela_pnep : 2023-08-01
t212_tabela_pnep : 2023-08-01
selic : 2024-03-01
seliccopom : 2024-03-01
t200_tabela_pnep : 2023-08-01
=============================================
===============================================================
processar (logatualizacao) atualizada
codigo: 100 data_log: 2024-02-01 00:00:00+00:00 processar=1
codigo: 102 data_log: 2024-02-01 00:00:00+00:00 processar=1
codigo: 202 data_log: 2021-12-01 00:00:00+00:00 processar=1
codigo: 204 data_log: 2023-08-01 00:00:00+00:00 processar=1
codigo: 206 data_log: 2023-08-01 00:00:00+00:00 processar=1
codigo: 208 data_log: 2021-12-01 00:00:00+00:00 processar=1
codigo: 200 data_log: 2023-08-01 00:00:00+00:00 processar=1
dict_registros: {'IPCA': '01/02/2024', 'INPC': '01/02/2024'}
indexes: {'IPCA': '433', 'INPC': '188'}
[dt_ini_busca_bc]: 01/03/2024
[dt_fin_busca_bc]: 01/03/2024
data_inicial_retorno_bc: 01/03/2024
data_final_retorno_bc: 01/02/2024
[dt_ini_busca_bc]: 01/03/2024
[dt_fin_busca_bc]: 01/03/2024
data_inicial_retorno_bc: 01/03/2024
data_final_retorno_bc: 01/02/2024
data_busca:01/03/2024
data_retorno:01/02/2024
indexadores_do_mes: [['IPCA', '01/02/2024', '0.83'], ['INPC', '01/02/2024', '0.81']]
codigo_dict: {'IPCA': 'ipca', 'INPC': 'inpc'}
indexadores: [['IPCA', '01/02/2024', '0.83'], ['INPC', '01/02/2024', '0.81']]
ipca (102)  2024-02-01 0.83
data_para_inserir_tabela_indexador:2024-02-01
inpc (100)  2024-02-01 0.81
data_para_inserir_tabela_indexador:2024-02-01
==================== LOG DE EVENTOS ========================
data_atual: 05/04/2024
============================================================
=============================================
data_atualizacao (logatualizacao) atualizada 
inpc : 2024-02-01
ipca : 2024-02-01
tr : 2024-03-01
t202_tabela_pnep : 2021-12-01
t210_tabela_pnep : 2023-08-01
igpm : 2024-03-01
ipca15 : 2024-03-01
t204_tabela_pnep : 2023-08-01
t206_tabela_pnep : 2023-08-01
t208_tabela_pnep : 2021-12-01
t236_tabela_pnep : 2023-08-01
t212_tabela_pnep : 2023-08-01
selic : 2024-03-01
seliccopom : 2024-03-01
t200_tabela_pnep : 2023-08-01
=============================================
===============================================================
processar (logatualizacao) atualizada
codigo: 100 data_log: 2024-02-01 00:00:00+00:00 processar=1
codigo: 102 data_log: 2024-02-01 00:00:00+00:00 processar=1
codigo: 202 data_log: 2021-12-01 00:00:00+00:00 processar=1
codigo: 204 data_log: 2023-08-01 00:00:00+00:00 processar=1
codigo: 206 data_log: 2023-08-01 00:00:00+00:00 processar=1
codigo: 208 data_log: 2021-12-01 00:00:00+00:00 processar=1
codigo: 200 data_log: 2023-08-01 00:00:00+00:00 processar=1
dict_registros: {'IPCA': '01/02/2024', 'INPC': '01/02/2024'}
indexes: {'IPCA': '433', 'INPC': '188'}
[dt_ini_busca_bc]: 01/03/2024
[dt_fin_busca_bc]: 01/03/2024
data_inicial_retorno_bc: 01/03/2024
data_final_retorno_bc: 01/02/2024
[dt_ini_busca_bc]: 01/03/2024
[dt_fin_busca_bc]: 01/03/2024
data_inicial_retorno_bc: 01/03/2024
data_final_retorno_bc: 01/02/2024
data_busca:01/03/2024
data_retorno:01/02/2024
indexadores_do_mes: [['IPCA', '01/02/2024', '0.83'], ['INPC', '01/02/2024', '0.81']]
codigo_dict: {'IPCA': 'ipca', 'INPC': 'inpc'}
indexadores: [['IPCA', '01/02/2024', '0.83'], ['INPC', '01/02/2024', '0.81']]
ipca (102)  2024-02-01 0.83
data_para_inserir_tabela_indexador:2024-02-01
inpc (100)  2024-02-01 0.81
data_para_inserir_tabela_indexador:2024-02-01
